time="2021-03-03T16:55:04+08:00" level=info msg="start update cpu and mem  ..." source="serviceinfo.go:43"
time="2021-03-03T16:55:04+08:00" level=error msg="Get Pid fail from pid file." source="serviceinfo.go:92"
time="2021-03-03T16:55:04+08:00" level=warning msg="getCpu.pidProc.CPUPercent(0) fail, err=could not get CreationDate: The parameter is incorrect.\n" source="serviceinfo.go:82"
time="2021-03-03T16:55:04+08:00" level=error msg="Get Pid fail from pid file." source="serviceinfo.go:92"
time="2021-03-03T16:55:04+08:00" level=warning msg="getMem.pidProc.MemoryPercent() fail, err= The parameter is incorrect." source="serviceinfo.go:67"
time="2021-03-03T16:55:04+08:00" level=error msg="Get Pid fail from pid file." source="serviceinfo.go:92"
time="2021-03-03T16:55:04+08:00" level=warning msg="getCpu.pidProc.CPUPercent(0) fail, err=could not get CreationDate: The parameter is incorrect.\n" source="serviceinfo.go:82"
time="2021-03-03T16:55:04+08:00" level=error msg="Get Pid fail from pid file." source="serviceinfo.go:92"
time="2021-03-03T16:55:04+08:00" level=warning msg="getMem.pidProc.MemoryPercent() fail, err= The parameter is incorrect." source="serviceinfo.go:67"
time="2021-03-03T16:55:04+08:00" level=error msg="Get Pid fail from pid file." source="serviceinfo.go:92"
time="2021-03-03T16:55:04+08:00" level=warning msg="getCpu.pidProc.CPUPercent(0) fail, err=could not get CreationDate: The parameter is incorrect.\n" source="serviceinfo.go:82"
time="2021-03-03T16:55:04+08:00" level=error msg="Get Pid fail from pid file." source="serviceinfo.go:92"
time="2021-03-03T16:55:04+08:00" level=warning msg="getMem.pidProc.MemoryPercent() fail, err= The parameter is incorrect." source="serviceinfo.go:67"
time="2021-03-03T16:55:04+08:00" level=error msg="Get Pid fail from pid file." source="serviceinfo.go:92"
time="2021-03-03T16:55:04+08:00" level=warning msg="getCpu.pidProc.CPUPercent(0) fail, err=could not get CreationDate: The parameter is incorrect.\n" source="serviceinfo.go:82"
time="2021-03-03T16:55:04+08:00" level=error msg="Get Pid fail from pid file." source="serviceinfo.go:92"
time="2021-03-03T16:55:04+08:00" level=warning msg="getMem.pidProc.MemoryPercent() fail, err= The parameter is incorrect." source="serviceinfo.go:67"
time="2021-03-03T16:55:04+08:00" level=error msg="Get Pid fail from pid file." source="serviceinfo.go:92"
time="2021-03-03T16:55:04+08:00" level=warning msg="getCpu.pidProc.CPUPercent(0) fail, err=could not get CreationDate: The parameter is incorrect.\n" source="serviceinfo.go:82"
time="2021-03-03T16:55:04+08:00" level=error msg="Get Pid fail from pid file." source="serviceinfo.go:92"
time="2021-03-03T16:55:04+08:00" level=warning msg="getMem.pidProc.MemoryPercent() fail, err= The parameter is incorrect." source="serviceinfo.go:67"
time="2021-03-03T16:55:04+08:00" level=error msg="Get Pid fail from pid file." source="serviceinfo.go:92"
time="2021-03-03T16:55:04+08:00" level=warning msg="getCpu.pidProc.CPUPercent(0) fail, err=could not get CreationDate: The parameter is incorrect.\n" source="serviceinfo.go:82"
time="2021-03-03T16:55:04+08:00" level=error msg="Get Pid fail from pid file." source="serviceinfo.go:92"
time="2021-03-03T16:55:04+08:00" level=warning msg="getMem.pidProc.MemoryPercent() fail, err= The parameter is incorrect." source="serviceinfo.go:67"
time="2021-03-03T16:55:04+08:00" level=error msg="Get Pid fail from pid file." source="serviceinfo.go:92"
time="2021-03-03T16:55:04+08:00" level=warning msg="getCpu.pidProc.CPUPercent(0) fail, err=could not get CreationDate: The parameter is incorrect.\n" source="serviceinfo.go:82"
time="2021-03-03T16:55:04+08:00" level=error msg="Get Pid fail from pid file." source="serviceinfo.go:92"
time="2021-03-03T16:55:04+08:00" level=warning msg="getMem.pidProc.MemoryPercent() fail, err= The parameter is incorrect." source="serviceinfo.go:67"
time="2021-03-03T16:55:04+08:00" level=info msg="update cpu and mem  end." source="serviceinfo.go:49"
